2024-11-20 23:19:52,981 - root - ERROR - Failed to initialize handler for Security: (1314, 'OpenEventLogW', 'A required privilege is not held by the client.')
2024-11-20 23:19:53,076 - root - ERROR - Error collecting Windows events: 'pywintypes.datetime' object cannot be interpreted as an integer
2024-11-20 23:20:03,081 - root - ERROR - Error collecting Windows events: 'pywintypes.datetime' object cannot be interpreted as an integer
2024-11-20 23:20:13,087 - root - ERROR - Error collecting Windows events: 'pywintypes.datetime' object cannot be interpreted as an integer
2024-11-20 23:20:23,089 - root - ERROR - Error collecting Windows events: 'pywintypes.datetime' object cannot be interpreted as an integer
2024-11-20 23:20:33,076 - root - ERROR - Error collecting Windows events: 'pywintypes.datetime' object cannot be interpreted as an integer
2024-11-20 23:20:43,085 - root - ERROR - Error collecting Windows events: 'pywintypes.datetime' object cannot be interpreted as an integer
2024-11-20 23:27:46,459 - root - ERROR - Failed to initialize handler for Security: (1314, 'OpenEventLogW', 'A required privilege is not held by the client.')
2024-11-20 23:27:46,461 - root - ERROR - Error collecting Windows events: 'pywintypes.datetime' object cannot be interpreted as an integer
2024-11-20 23:27:56,463 - root - ERROR - Error collecting Windows events: 'pywintypes.datetime' object cannot be interpreted as an integer
2024-11-20 23:28:06,481 - root - ERROR - Error collecting Windows events: 'pywintypes.datetime' object cannot be interpreted as an integer
2024-11-20 23:55:37,202 - root - ERROR - Error collecting Windows events: 'pywintypes.datetime' object cannot be interpreted as an integer
2024-11-20 23:55:47,203 - root - ERROR - Error collecting Windows events: 'pywintypes.datetime' object cannot be interpreted as an integer
2024-11-20 23:55:57,213 - root - ERROR - Error collecting Windows events: 'pywintypes.datetime' object cannot be interpreted as an integer
2024-11-20 23:56:07,213 - root - ERROR - Error collecting Windows events: 'pywintypes.datetime' object cannot be interpreted as an integer
2024-11-20 23:56:17,200 - root - ERROR - Error collecting Windows events: 'pywintypes.datetime' object cannot be interpreted as an integer
2024-11-20 23:56:27,211 - root - ERROR - Error collecting Windows events: 'pywintypes.datetime' object cannot be interpreted as an integer
2024-11-20 23:56:37,206 - root - ERROR - Error collecting Windows events: 'pywintypes.datetime' object cannot be interpreted as an integer
2024-11-20 23:56:47,200 - root - ERROR - Error collecting Windows events: 'pywintypes.datetime' object cannot be interpreted as an integer
2024-11-20 23:57:03,344 - root - ERROR - Error collecting Windows events: 'pywintypes.datetime' object cannot be interpreted as an integer
2024-11-20 23:57:13,342 - root - ERROR - Error collecting Windows events: 'pywintypes.datetime' object cannot be interpreted as an integer
2024-11-20 23:57:34,826 - root - ERROR - Failed to initialize handler for Security: (1314, 'OpenEventLogW', 'A required privilege is not held by the client.')
2024-11-20 23:57:34,834 - root - ERROR - Error collecting Windows events: 'pywintypes.datetime' object cannot be interpreted as an integer
2024-11-20 23:57:44,840 - root - ERROR - Error collecting Windows events: 'pywintypes.datetime' object cannot be interpreted as an integer
2024-11-22 22:14:11,929 - root - ERROR - Failed to initialize handler for Security: (1314, 'OpenEventLogW', 'A required privilege is not held by the client.')
2024-11-22 22:14:11,929 - root - ERROR - Error collecting Windows events: 'pywintypes.datetime' object cannot be interpreted as an integer
2024-11-22 22:14:21,932 - root - ERROR - Error collecting Windows events: 'pywintypes.datetime' object cannot be interpreted as an integer
2024-11-22 22:14:31,926 - root - ERROR - Error collecting Windows events: 'pywintypes.datetime' object cannot be interpreted as an integer
2024-11-22 22:14:41,926 - root - ERROR - Error collecting Windows events: 'pywintypes.datetime' object cannot be interpreted as an integer
2024-11-22 22:17:26,913 - root - ERROR - Failed to initialize handler for Security: (1314, 'OpenEventLogW', 'A required privilege is not held by the client.')
2024-11-22 22:17:26,919 - root - ERROR - Error storing event in database: '_GeneratorContextManager' object does not support the asynchronous context manager protocol
2024-11-22 22:17:26,920 - root - ERROR - Error in collectors: The truth value of an array with more than one element is ambiguous. Use a.any() or a.all()
2024-11-23 14:02:47,112 - root - ERROR - Failed to initialize AI components: [Errno 2] No such file or directory: 'backend/ai_engine/services/ai_settings.yaml'
2024-11-23 14:03:32,161 - root - ERROR - Failed to initialize AI components: [Errno 2] No such file or directory: 'backend/ai_engine/services/ai_settings.yaml'
2024-11-23 14:05:02,028 - root - ERROR - Failed to initialize AI components: [Errno 2] No such file or directory: 'backend/ai_engine/services/ai_settings.yaml'
2024-11-23 14:10:02,243 - root - ERROR - Failed to initialize AI components: [Errno 2] No such file or directory: 'backend/ai_engine/services/ai_settings.yaml'
2024-11-23 14:11:27,761 - root - ERROR - Failed to initialize AI components: [Errno 2] No such file or directory: 'backend/ai_engine/services/ai_settings.yaml'
2024-11-23 14:11:46,646 - root - ERROR - Failed to initialize AI components: [Errno 2] No such file or directory: 'backend/ai_engine/services/ai_settings.yaml'
2024-11-23 14:15:37,088 - root - ERROR - Failed to initialize AI components: [Errno 2] No such file or directory: 'backend/ai_engine/services/ai_settings.yaml'
2024-11-23 14:15:43,767 - root - ERROR - Failed to initialize AI components: [Errno 2] No such file or directory: 'backend/ai_engine/services/ai_settings.yaml'
2024-11-23 14:15:54,186 - root - ERROR - Failed to initialize AI components: [Errno 2] No such file or directory: 'backend/ai_engine/services/ai_settings.yaml'
2024-11-23 14:18:12,864 - root - ERROR - Failed to initialize AI components: [Errno 2] No such file or directory: 'backend/ai_engine/services/ai_settings.yaml'
2024-11-23 14:18:34,486 - root - ERROR - Failed to initialize AI components: [Errno 2] No such file or directory: 'backend/ai_engine/services/ai_settings.yaml'
2024-11-23 14:19:49,150 - root - ERROR - Failed to initialize AI components: [Errno 2] No such file or directory: 'backend/ai_engine/services/ai_settings.yaml'
2024-11-23 14:20:06,187 - root - WARNING - AI config file not found, using default settings
2024-11-23 14:24:18,976 - root - WARNING - AI config file not found, using default settings
2024-11-23 14:24:19,017 - root - INFO - Initializing auto-training system
2024-11-23 14:24:19,017 - root - INFO - Application startup completed
2024-11-23 14:24:19,017 - root - INFO - Starting automatic training system
2024-11-23 14:24:19,018 - root - ERROR - Error in auto training: 'Settings' object has no attribute 'TRAINING_INTERVAL'
2024-11-23 14:24:43,681 - root - INFO - Shutting down application
2024-11-23 14:24:47,590 - root - WARNING - AI config file not found, using default settings
2024-11-23 14:24:47,600 - root - INFO - Initializing auto-training system
2024-11-23 14:24:47,610 - root - INFO - Application startup completed
2024-11-23 14:24:47,610 - root - INFO - Starting automatic training system
2024-11-23 14:24:47,611 - root - ERROR - Error in auto training: 'Settings' object has no attribute 'TRAINING_INTERVAL'
2024-11-23 14:24:50,535 - root - INFO - Shutting down application
2024-11-23 14:24:54,334 - root - WARNING - AI config file not found, using default settings
2024-11-23 14:24:54,334 - root - ERROR - Failed to initialize AI components: ModelManager.__init__() got an unexpected keyword argument 'anomaly_config'
2024-11-23 14:26:09,804 - root - WARNING - AI config file not found, using default settings
2024-11-23 14:26:09,804 - root - ERROR - Failed to initialize AI components: ModelManager.__init__() got an unexpected keyword argument 'model_config'
2024-11-23 14:30:41,121 - root - WARNING - AI config file not found, using default settings
2024-11-23 14:30:41,121 - ai_engine.core.model_manager - ERROR - Error initializing models: ThreatDetector.__init__() got an unexpected keyword argument 'model_config'
2024-11-23 14:30:41,121 - root - ERROR - Failed to initialize AI components: ThreatDetector.__init__() got an unexpected keyword argument 'model_config'
2024-11-23 14:31:48,836 - root - WARNING - AI config file not found, using default settings
2024-11-23 14:31:48,851 - ai_engine.core.model_manager - ERROR - Error initializing models: ThreatDetector.__init__() got an unexpected keyword argument 'model_config'
2024-11-23 14:31:48,851 - root - ERROR - Failed to initialize AI components: ThreatDetector.__init__() got an unexpected keyword argument 'model_config'
2024-11-23 14:32:45,943 - root - WARNING - AI config file not found, using default settings
2024-11-23 14:32:45,945 - ai_engine.core.model_manager - ERROR - Error initializing models: ThreatDetector.__init__() got an unexpected keyword argument 'model_config'
2024-11-23 14:32:45,946 - root - ERROR - Failed to initialize AI components: ThreatDetector.__init__() got an unexpected keyword argument 'model_config'
2024-11-23 14:32:51,757 - root - WARNING - AI config file not found, using default settings
2024-11-23 14:32:51,757 - ai_engine.core.model_manager - ERROR - Error initializing models: ThreatDetector.__init__() got an unexpected keyword argument 'input_dim'
2024-11-23 14:32:51,757 - root - ERROR - Failed to initialize AI components: ThreatDetector.__init__() got an unexpected keyword argument 'input_dim'
2024-11-23 14:34:02,034 - root - WARNING - AI config file not found, using default settings
2024-11-23 14:34:02,034 - ai_engine.core.model_manager - ERROR - Error initializing models: ThreatDetector.__init__() got an unexpected keyword argument 'input_dim'
2024-11-23 14:34:02,035 - root - ERROR - Failed to initialize AI components: ThreatDetector.__init__() got an unexpected keyword argument 'input_dim'
2024-11-23 14:34:15,988 - root - WARNING - AI config file not found, using default settings
2024-11-23 14:34:15,988 - ai_engine.core.model_manager - ERROR - Error initializing models: ThreatDetector.__init__() got an unexpected keyword argument 'input_dim'
2024-11-23 14:34:15,988 - root - ERROR - Failed to initialize AI components: ThreatDetector.__init__() got an unexpected keyword argument 'input_dim'
2024-11-23 14:35:24,889 - root - WARNING - AI config file not found, using default settings
2024-11-23 14:35:24,889 - ai_engine.core.model_manager - ERROR - Error initializing models: 'dict' object has no attribute 'embedding_dim'
2024-11-23 14:35:24,889 - root - ERROR - Failed to initialize AI components: 'dict' object has no attribute 'embedding_dim'
2024-11-23 14:35:30,398 - root - WARNING - AI config file not found, using default settings
2024-11-23 14:35:30,398 - ai_engine.core.model_manager - ERROR - Error initializing models: 'dict' object has no attribute 'embedding_dim'
2024-11-23 14:35:30,399 - root - ERROR - Failed to initialize AI components: 'dict' object has no attribute 'embedding_dim'
2024-11-23 14:35:36,981 - root - WARNING - AI config file not found, using default settings
2024-11-23 14:35:36,981 - ai_engine.core.model_manager - ERROR - Error initializing models: 'dict' object has no attribute 'embedding_dim'
2024-11-23 14:35:36,981 - root - ERROR - Failed to initialize AI components: 'dict' object has no attribute 'embedding_dim'
2024-11-23 14:38:20,783 - root - WARNING - AI config file not found, using default settings
2024-11-23 14:38:20,783 - ai_engine.core.model_manager - ERROR - Error initializing models: ThreatDetector.__init__() got an unexpected keyword argument 'input_dim'
2024-11-23 14:38:20,783 - root - ERROR - Failed to initialize AI components: ThreatDetector.__init__() got an unexpected keyword argument 'input_dim'
2024-11-23 14:46:52,757 - root - WARNING - AI config file not found, using default settings
2024-11-23 14:46:52,757 - ai_engine.core.model_manager - ERROR - Error initializing models: ThreatDetector.__init__() got an unexpected keyword argument 'input_dim'
2024-11-23 14:46:52,757 - root - ERROR - Failed to initialize AI components: ThreatDetector.__init__() got an unexpected keyword argument 'input_dim'
2024-11-23 14:48:50,952 - root - WARNING - AI config file not found, using default settings
2024-11-23 14:48:50,952 - ai_engine.core.model_manager - ERROR - Error initializing models: ThreatDetector.__init__() got an unexpected keyword argument 'input_dim'
2024-11-23 14:48:50,952 - root - ERROR - Failed to initialize AI components: ThreatDetector.__init__() got an unexpected keyword argument 'input_dim'
2024-11-23 14:49:23,853 - root - WARNING - AI config file not found, using default settings
2024-11-23 14:49:23,853 - ai_engine.core.model_manager - ERROR - Error initializing models: ThreatDetector.__init__() got an unexpected keyword argument 'input_dim'
2024-11-23 14:49:23,853 - root - ERROR - Failed to initialize AI components: ThreatDetector.__init__() got an unexpected keyword argument 'input_dim'
2024-11-23 15:02:43,514 - root - WARNING - AI config file not found, using default settings
2024-11-23 15:02:43,514 - ai_engine.core.model_manager - ERROR - Error initializing models: ThreatDetector.__init__() got an unexpected keyword argument 'input_dim'
2024-11-23 15:02:43,514 - root - ERROR - Failed to initialize AI components: ThreatDetector.__init__() got an unexpected keyword argument 'input_dim'
2024-11-23 15:03:53,943 - root - WARNING - AI config file not found, using default settings
2024-11-23 15:03:53,943 - ai_engine.core.model_manager - ERROR - Error initializing models: ThreatDetector.__init__() got an unexpected keyword argument 'input_dim'
2024-11-23 15:03:53,943 - root - ERROR - Failed to initialize AI components: ThreatDetector.__init__() got an unexpected keyword argument 'input_dim'
2024-11-23 15:09:00,905 - root - WARNING - AI config file not found, using default settings
2024-11-23 15:09:00,905 - ai_engine.core.model_manager - ERROR - Error initializing models: ThreatDetector.__init__() got an unexpected keyword argument 'input_dim'
2024-11-23 15:09:00,905 - root - ERROR - Failed to initialize AI components: ThreatDetector.__init__() got an unexpected keyword argument 'input_dim'
